2025-02-10 07:15:26,469 - INFO - No queues on hold expired for cancellation.
2025-02-10 07:15:40,733 - INFO - Queue S-0001-MAIN reserved by cashier.
2025-02-10 07:15:45,808 - INFO - Queue S-0001-MAIN marked as 'Completed' by cashier.
2025-02-10 07:15:45,810 - INFO - Queue S-0002-SOUTH reserved by cashier.
2025-02-10 07:15:48,600 - INFO - Queue S-0002-SOUTH marked as 'Completed' by cashier.
2025-02-10 07:15:48,603 - INFO - Queue S-0003-SOUTH reserved by cashier.
2025-02-10 07:17:14,538 - INFO - Queue S-0003-SOUTH marked as 'Completed' by cashier.
2025-02-10 07:17:14,540 - INFO - Queue P-0005-MAIN reserved by cashier.
2025-02-10 07:17:18,845 - INFO - Queue P-0005-MAIN marked as 'Completed' by cashier.
2025-02-10 07:17:18,847 - INFO - Queue S-0004-SOUTH reserved by cashier.
2025-02-10 07:17:20,357 - INFO - Queue S-0004-SOUTH marked as 'Completed' by cashier.
2025-02-10 07:17:20,359 - INFO - No available queues for cashier to process.
2025-02-10 07:18:26,471 - INFO - No queues on hold expired for cancellation.
2025-02-10 07:18:31,927 - INFO - Cashier cashier exited the console.
2025-02-10 10:28:02,494 - INFO - No queues on hold expired for cancellation.
2025-02-10 10:28:29,770 - INFO - Queue S-0006-SOUTH reserved by mikel.
2025-02-10 10:28:33,744 - INFO - Queue S-0006-SOUTH marked as 'Completed' by mikel.
2025-02-10 10:28:33,745 - INFO - No available queues for mikel to process.
2025-02-10 10:31:02,497 - INFO - No queues on hold expired for cancellation.
2025-02-10 10:34:02,499 - INFO - No queues on hold expired for cancellation.
2025-02-10 10:37:02,501 - INFO - No queues on hold expired for cancellation.
2025-02-10 10:40:02,502 - INFO - No queues on hold expired for cancellation.
2025-02-10 10:43:02,505 - INFO - No queues on hold expired for cancellation.
2025-02-10 10:46:02,505 - INFO - No queues on hold expired for cancellation.
2025-02-10 10:49:02,508 - INFO - No queues on hold expired for cancellation.
2025-02-10 10:52:02,511 - INFO - No queues on hold expired for cancellation.
2025-02-10 10:55:02,512 - INFO - No queues on hold expired for cancellation.
2025-02-10 10:58:02,514 - INFO - No queues on hold expired for cancellation.
2025-02-10 11:32:38,839 - INFO - No queues on hold expired for cancellation.
2025-02-10 11:35:38,844 - INFO - No queues on hold expired for cancellation.
2025-02-10 11:38:38,846 - INFO - No queues on hold expired for cancellation.
2025-02-10 12:08:23,002 - INFO - No queues on hold expired for cancellation.
2025-02-10 12:11:23,005 - INFO - No queues on hold expired for cancellation.
2025-02-10 12:14:23,008 - INFO - No queues on hold expired for cancellation.
2025-02-10 13:34:08,613 - INFO - No queues on hold expired for cancellation.
2025-02-10 13:37:08,617 - INFO - No queues on hold expired for cancellation.
2025-02-10 13:40:08,620 - INFO - No queues on hold expired for cancellation.
2025-02-10 13:43:08,621 - INFO - No queues on hold expired for cancellation.
2025-02-10 13:46:08,624 - INFO - No queues on hold expired for cancellation.
2025-02-10 13:49:08,626 - INFO - No queues on hold expired for cancellation.
2025-02-10 13:52:08,629 - INFO - No queues on hold expired for cancellation.
2025-02-10 13:55:08,631 - INFO - No queues on hold expired for cancellation.
2025-02-10 13:58:08,635 - INFO - No queues on hold expired for cancellation.
2025-02-10 14:01:08,637 - INFO - No queues on hold expired for cancellation.
2025-02-10 14:04:08,639 - INFO - No queues on hold expired for cancellation.
2025-02-10 14:07:08,641 - INFO - No queues on hold expired for cancellation.
2025-02-10 14:10:08,644 - INFO - No queues on hold expired for cancellation.
2025-02-10 14:13:08,646 - INFO - No queues on hold expired for cancellation.
2025-02-10 14:16:08,649 - INFO - No queues on hold expired for cancellation.
2025-02-10 14:19:08,650 - INFO - No queues on hold expired for cancellation.
2025-02-10 14:22:08,654 - INFO - No queues on hold expired for cancellation.
2025-02-10 14:25:08,656 - INFO - No queues on hold expired for cancellation.
2025-02-10 14:28:08,658 - INFO - No queues on hold expired for cancellation.
2025-02-10 14:31:08,661 - INFO - No queues on hold expired for cancellation.
2025-02-10 14:34:08,663 - INFO - No queues on hold expired for cancellation.
2025-02-10 14:37:08,666 - INFO - No queues on hold expired for cancellation.
2025-02-10 14:40:08,670 - INFO - No queues on hold expired for cancellation.
2025-02-10 14:43:08,672 - INFO - No queues on hold expired for cancellation.
2025-02-10 14:46:08,675 - INFO - No queues on hold expired for cancellation.
2025-02-10 14:49:08,679 - INFO - No queues on hold expired for cancellation.
2025-02-10 14:52:08,682 - INFO - No queues on hold expired for cancellation.
2025-02-10 14:55:08,684 - INFO - No queues on hold expired for cancellation.
2025-02-10 14:58:08,686 - INFO - No queues on hold expired for cancellation.
2025-02-10 15:01:08,689 - INFO - No queues on hold expired for cancellation.
2025-02-10 15:04:08,691 - INFO - No queues on hold expired for cancellation.
2025-02-10 15:07:08,695 - INFO - No queues on hold expired for cancellation.
2025-02-10 15:10:08,696 - INFO - No queues on hold expired for cancellation.
2025-02-10 15:13:08,700 - INFO - No queues on hold expired for cancellation.
2025-02-10 15:16:08,703 - INFO - No queues on hold expired for cancellation.
2025-02-10 15:19:08,706 - INFO - No queues on hold expired for cancellation.
2025-02-10 15:22:08,708 - INFO - No queues on hold expired for cancellation.
2025-02-10 15:25:08,711 - INFO - No queues on hold expired for cancellation.
2025-02-10 18:26:13,288 - INFO - No queues on hold expired for cancellation.
2025-02-10 23:13:23,282 - INFO - No queues on hold expired for cancellation.
2025-02-10 23:16:23,284 - INFO - No queues on hold expired for cancellation.
2025-02-10 23:19:23,288 - INFO - No queues on hold expired for cancellation.
2025-02-10 23:22:23,289 - INFO - No queues on hold expired for cancellation.
2025-02-10 23:25:23,291 - INFO - No queues on hold expired for cancellation.
2025-02-10 23:28:23,293 - INFO - No queues on hold expired for cancellation.
2025-02-10 23:31:23,296 - INFO - No queues on hold expired for cancellation.
2025-02-10 23:34:23,298 - INFO - No queues on hold expired for cancellation.
2025-02-10 23:37:23,300 - INFO - No queues on hold expired for cancellation.
2025-02-10 23:40:23,302 - INFO - No queues on hold expired for cancellation.
2025-02-10 23:43:23,305 - INFO - No queues on hold expired for cancellation.
2025-02-10 23:46:23,307 - INFO - No queues on hold expired for cancellation.
2025-02-10 23:49:23,309 - INFO - No queues on hold expired for cancellation.
2025-02-10 23:52:23,311 - INFO - No queues on hold expired for cancellation.
2025-02-10 23:55:23,313 - INFO - No queues on hold expired for cancellation.
2025-02-10 23:58:23,315 - INFO - No queues on hold expired for cancellation.
2025-02-11 00:01:23,316 - INFO - No queues on hold expired for cancellation.
2025-02-11 00:04:23,318 - INFO - No queues on hold expired for cancellation.
2025-02-11 00:07:23,320 - INFO - No queues on hold expired for cancellation.
2025-02-11 00:10:23,323 - INFO - No queues on hold expired for cancellation.
2025-02-11 00:13:23,325 - INFO - No queues on hold expired for cancellation.
2025-02-11 00:16:23,327 - INFO - No queues on hold expired for cancellation.
2025-02-11 00:19:23,329 - INFO - No queues on hold expired for cancellation.
2025-02-11 00:22:23,331 - INFO - No queues on hold expired for cancellation.
2025-02-11 00:25:23,332 - INFO - No queues on hold expired for cancellation.
2025-02-11 00:28:23,334 - INFO - No queues on hold expired for cancellation.
2025-02-11 00:31:23,336 - INFO - No queues on hold expired for cancellation.
2025-02-11 00:34:23,338 - INFO - No queues on hold expired for cancellation.
2025-02-11 00:37:23,339 - INFO - No queues on hold expired for cancellation.
2025-02-11 00:40:23,342 - INFO - No queues on hold expired for cancellation.
2025-02-11 00:43:23,344 - INFO - No queues on hold expired for cancellation.
2025-02-11 00:46:23,347 - INFO - No queues on hold expired for cancellation.
2025-02-11 00:49:23,349 - INFO - No queues on hold expired for cancellation.
2025-02-11 00:52:23,352 - INFO - No queues on hold expired for cancellation.
2025-02-11 00:55:23,354 - INFO - No queues on hold expired for cancellation.
2025-02-11 00:58:23,357 - INFO - No queues on hold expired for cancellation.
